<?xml version="1.0" encoding="UTF-8"?>
<testsuite name="TestTemplate" tests="2" skipped="0" failures="0" errors="0" timestamp="2023-12-06T01:36:47" hostname="LAPTOP-A" time="0.003">
  <properties/>
  <testcase name="exampleTest()" classname="TestTemplate" time="0.001"/>
  <testcase name="terribleTest()" classname="TestTemplate" time="0.001"/>
  <system-out><![CDATA[]]></system-out>
  <system-err><![CDATA[]]></system-err>
</testsuite>
