<?xml version="1.0" encoding="UTF-8"?>
<testsuite name="TestTemplate" tests="2" skipped="0" failures="0" errors="0" timestamp="2023-11-28T21:06:43" hostname="MSI" time="0.002">
  <properties/>
  <testcase name="exampleTest()" classname="TestTemplate" time="0.001"/>
  <testcase name="terribleTest()" classname="TestTemplate" time="0.001"/>
  <system-out><![CDATA[]]></system-out>
  <system-err><![CDATA[]]></system-err>
</testsuite>
