<?xml version="1.0" encoding="UTF-8"?>
<testsuite name="RecipeCreationTest" tests="5" skipped="0" failures="0" errors="0" timestamp="2023-12-06T01:36:47" hostname="LAPTOP-A" time="0.04">
  <properties/>
  <testcase name="testCreatedRecipeDescription()" classname="RecipeCreationTest" time="0.03"/>
  <testcase name="testRecipeCreationGivenNoVoiceInput()" classname="RecipeCreationTest" time="0.002"/>
  <testcase name="testCreatedRecipeTitle()" classname="RecipeCreationTest" time="0.001"/>
  <testcase name="testRecipeCreation()" classname="RecipeCreationTest" time="0.002"/>
  <testcase name="testRecipeCreationGivenVoiceInput()" classname="RecipeCreationTest" time="0.001"/>
  <system-out><![CDATA[Handle exceptions
Handle exceptions
Handle exceptions
Handle Exceptions
Handle exceptions
]]></system-out>
  <system-err><![CDATA[]]></system-err>
</testsuite>
