<?xml version="1.0" encoding="UTF-8"?>
<testsuite name="RecipeCreationTest" tests="5" skipped="0" failures="0" errors="0" timestamp="2023-11-28T21:06:43" hostname="MSI" time="0.023">
  <properties/>
  <testcase name="testCreatedRecipeDescription()" classname="RecipeCreationTest" time="0.015"/>
  <testcase name="testRecipeCreationGivenNoVoiceInput()" classname="RecipeCreationTest" time="0.003"/>
  <testcase name="testCreatedRecipeTitle()" classname="RecipeCreationTest" time="0.001"/>
  <testcase name="testRecipeCreation()" classname="RecipeCreationTest" time="0.001"/>
  <testcase name="testRecipeCreationGivenVoiceInput()" classname="RecipeCreationTest" time="0.001"/>
  <system-out><![CDATA[Handle exceptions
Handle exceptions
Handle exceptions
Handle Exceptions
Handle exceptions
]]></system-out>
  <system-err><![CDATA[]]></system-err>
</testsuite>
