<?xml version="1.0" encoding="UTF-8"?>
<testsuite name="RecipeSavingTest" tests="3" skipped="0" failures="0" errors="0" timestamp="2023-12-06T01:36:47" hostname="LAPTOP-A" time="0.004">
  <properties/>
  <testcase name="saveRecipeToServer()" classname="RecipeSavingTest" time="0.001"/>
  <testcase name="saveNewlyGeneratedRecipe()" classname="RecipeSavingTest" time="0.001"/>
  <testcase name="saveEditedRecipe()" classname="RecipeSavingTest" time="0.001"/>
  <system-out><![CDATA[Handle exceptions
Handle exceptions
Handle exceptions
]]></system-out>
  <system-err><![CDATA[]]></system-err>
</testsuite>
